<?xml version="1.0" encoding="UTF-8"?>
<!-- Generated by org.testng.reporters.JUnitReportReporter -->
<testsuite hostname="ICT-5" failures="0" tests="1" name="PS2" time="0.057" errors="0" timestamp="2023-08-19T14:43:28 IST" skipped="0">
  <testcase classname="PS2" name="testRun" time="0.057"/>
</testsuite> <!-- PS2 -->
