<?xml version="1.0" encoding="UTF-8"?>
<!-- Generated by org.testng.reporters.JUnitReportReporter -->
<testsuite hostname="ICT-5" failures="0" tests="1" name="test.day2" time="0.008" errors="0" timestamp="2023-08-16T17:21:33 IST" skipped="0">
  <testcase classname="test.day2" name="ploan" time="0.008"/>
</testsuite> <!-- test.day2 -->
