<?xml version="1.0" encoding="UTF-8"?>
<!-- Generated by org.testng.reporters.JUnitReportReporter -->
<testsuite hostname="ICT-5" failures="0" tests="7" name="test.day3" time="0.135" errors="0" timestamp="2023-08-16T17:21:33 IST" skipped="1">
  <testcase classname="test.day3" name="MobilesignoutLoan" time="0.014"/>
  <testcase classname="test.day3" name="LoginAPIcarLoan" time="0.031"/>
  <testcase classname="test.day3" name="MobilesignoutLoan" time="0.005"/>
  <testcase classname="test.day3" name="MobileLogincarLoan" time="0.027"/>
  <testcase classname="test.day3" name="WebloginCarLoan" time="0.008"/>
  <testcase classname="test.day3" name="MobilesignoutLoan" time="0.050"/>
  <testcase classname="test.day3" name="MobileSigninLoan">
    <skipped/>
  </testcase> <!-- MobileSigninLoan -->
</testsuite> <!-- test.day3 -->
